Copyright 1986-2018 Xilinx, Inc. All Rights Reserved.
----------------------------------------------------------------------------------------------------------------------------------------------------
| Tool Version     : Vivado v.2018.2 (win64) Build 2258646 Thu Jun 14 20:03:12 MDT 2018
| Date             : Wed Feb 28 14:50:00 2024
| Host             : C26-5CG2151PR3 running 64-bit major release  (build 9200)
| Command          : report_power -file top_basys3_power_routed.rpt -pb top_basys3_power_summary_routed.pb -rpx top_basys3_power_routed.rpx
| Design           : top_basys3
| Device           : xc7a12ticsg325-1L
| Design State     : routed
| Grade            : industrial
| Process          : typical
| Characterization : Production
----------------------------------------------------------------------------------------------------------------------------------------------------

Power Report

Table of Contents
-----------------
1. Summary
1.1 On-Chip Components
1.2 Power Supply Summary
1.3 Confidence Level
2. Settings
2.1 Environment
2.2 Clock Constraints
3. Detailed Reports
3.1 By Hierarchy

1. Summary
----------

+--------------------------+--------------+
| Total On-Chip Power (W)  | 0.800        |
| Design Power Budget (W)  | Unspecified* |
| Power Budget Margin (W)  | NA           |
| Dynamic (W)              | 0.739        |
| Device Static (W)        | 0.061        |
| Effective TJA (C/W)      | 5.3          |
| Max Ambient (C)          | 95.8         |
| Junction Temperature (C) | 29.2         |
| Confidence Level         | Low          |
| Setting File             | ---          |
| Simulation Activity File | ---          |
| Design Nets Matched      | NA           |
+--------------------------+--------------+
* Specify Design Power Budget using, set_operating_conditions -design_power_budget <value in Watts>


1.1 On-Chip Components
----------------------

+----------------+-----------+----------+-----------+-----------------+
| On-Chip        | Power (W) | Used     | Available | Utilization (%) |
+----------------+-----------+----------+-----------+-----------------+
| Slice Logic    |    <0.001 |        3 |       --- |             --- |
|   LUT as Logic |    <0.001 |        1 |      8000 |            0.01 |
|   Others       |     0.000 |        2 |       --- |             --- |
| Signals        |     0.005 |        2 |       --- |             --- |
| I/O            |     0.732 |       12 |       150 |            8.00 |
| Static Power   |     0.061 |          |           |                 |
| Total          |     0.800 |          |           |                 |
+----------------+-----------+----------+-----------+-----------------+


1.2 Power Supply Summary
------------------------

+-----------+-------------+-----------+-------------+------------+
| Source    | Voltage (V) | Total (A) | Dynamic (A) | Static (A) |
+-----------+-------------+-----------+-------------+------------+
| Vccint    |       0.950 |     0.016 |       0.011 |      0.005 |
| Vccaux    |       1.800 |     0.036 |       0.027 |      0.010 |
| Vcco33    |       3.300 |     0.207 |       0.206 |      0.001 |
| Vcco25    |       2.500 |     0.000 |       0.000 |      0.000 |
| Vcco18    |       1.800 |     0.000 |       0.000 |      0.000 |
| Vcco15    |       1.500 |     0.000 |       0.000 |      0.000 |
| Vcco135   |       1.350 |     0.000 |       0.000 |      0.000 |
| Vcco12    |       1.200 |     0.000 |       0.000 |      0.000 |
| Vccaux_io |       1.800 |     0.000 |       0.000 |      0.000 |
| Vccbram   |       0.950 |     0.000 |       0.000 |      0.000 |
| MGTAVcc   |       1.000 |     0.000 |       0.000 |      0.000 |
| MGTAVtt   |       1.200 |     0.000 |       0.000 |      0.000 |
| Vccadc    |       1.800 |     0.020 |       0.000 |      0.020 |
+-----------+-------------+-----------+-------------+------------+


1.3 Confidence Level
--------------------

+-----------------------------+------------+--------------------------------------------------------+----------------------------------------------------------------------------------------------------------+
| User Input Data             | Confidence | Details                                                | Action                                                                                                   |
+-----------------------------+------------+--------------------------------------------------------+----------------------------------------------------------------------------------------------------------+
| Design implementation state | High       | Design is routed                                       |                                                                                                          |
| Clock nodes activity        | High       | User specified more than 95% of clocks                 |                                                                                                          |
| I/O nodes activity          | Low        | More than 75% of inputs are missing user specification | Provide missing input activity with simulation results or by editing the "By Resource Type -> I/Os" view |
| Internal nodes activity     | High       | User specified more than 25% of internal nodes         |                                                                                                          |
| Device models               | High       | Device models are Production                           |                                                                                                          |
|                             |            |                                                        |                                                                                                          |
| Overall confidence level    | Low        |                                                        |                                                                                                          |
+-----------------------------+------------+--------------------------------------------------------+----------------------------------------------------------------------------------------------------------+


2. Settings
-----------

2.1 Environment
---------------

+-----------------------+--------------------------+
| Ambient Temp (C)      | 25.0                     |
| ThetaJA (C/W)         | 5.3                      |
| Airflow (LFM)         | 250                      |
| Heat Sink             | medium (Medium Profile)  |
| ThetaSA (C/W)         | 4.6                      |
| Board Selection       | medium (10"x10")         |
| # of Board Layers     | 12to15 (12 to 15 Layers) |
| Board Temperature (C) | 25.0                     |
+-----------------------+--------------------------+


2.2 Clock Constraints
---------------------

+-------+--------+-----------------+
| Clock | Domain | Constraint (ns) |
+-------+--------+-----------------+


3. Detailed Reports
-------------------

3.1 By Hierarchy
----------------

+------------+-----------+
| Name       | Power (W) |
+------------+-----------+
| top_basys3 |     0.739 |
+------------+-----------+


