#-----------------------------------------------------------
# Vivado v2018.2 (64-bit)
# SW Build 2258646 on Thu Jun 14 20:03:12 MDT 2018
# IP Build 2256618 on Thu Jun 14 22:10:49 MDT 2018
# Start of session at: Wed Feb 28 20:45:54 2024
# Process ID: 24564
# Current directory: C:/Users/Brendan.Wu/Documents/ece281-lab2/binaryHexDisp
# Command line: vivado.exe -gui_launcher_event rodinguilauncherevent11068 C:\Users\Brendan.Wu\Documents\ece281-lab2\binaryHexDisp\binaryHexDisp.xpr
# Log file: C:/Users/Brendan.Wu/Documents/ece281-lab2/binaryHexDisp/vivado.log
# Journal file: C:/Users/Brendan.Wu/Documents/ece281-lab2/binaryHexDisp\vivado.jou
#-----------------------------------------------------------
start_gui
open_project C:/Users/Brendan.Wu/Documents/ece281-lab2/binaryHexDisp/binaryHexDisp.xpr
Scanning sources...
Finished scanning sources
INFO: [IP_Flow 19-234] Refreshing IP repositories
INFO: [IP_Flow 19-1704] No user IP repositories specified
INFO: [IP_Flow 19-2313] Loaded Vivado IP repository 'C:/Xilinx/Vivado/2018.2/data/ip'.
open_project: Time (s): cpu = 00:00:05 ; elapsed = 00:00:08 . Memory (MB): peak = 839.086 ; gain = 128.008
update_compile_order -fileset sources_1
exit
INFO: [Common 17-206] Exiting Vivado at Wed Feb 28 20:47:41 2024...
